[2024-10-11T06:29:24.736+0000] {processor.py:186} INFO - Started process (PID=224) to work on /opt/airflow/dags/database_dag.py
[2024-10-11T06:29:24.737+0000] {processor.py:914} INFO - Processing file /opt/airflow/dags/database_dag.py for tasks to queue
[2024-10-11T06:29:24.740+0000] {logging_mixin.py:190} INFO - [2024-10-11T06:29:24.740+0000] {dagbag.py:588} INFO - Filling up the DagBag from /opt/airflow/dags/database_dag.py
[2024-10-11T06:29:24.748+0000] {logging_mixin.py:190} INFO - [2024-10-11T06:29:24.747+0000] {db.py:331} INFO - Timezone check is disabled.
[2024-10-11T06:29:24.755+0000] {processor.py:925} INFO - DAG(s) 'initialize_db_dag1' retrieved from /opt/airflow/dags/database_dag.py
[2024-10-11T06:29:24.779+0000] {logging_mixin.py:190} INFO - [2024-10-11T06:29:24.778+0000] {dag.py:3239} INFO - Sync 1 DAGs
[2024-10-11T06:29:24.796+0000] {logging_mixin.py:190} INFO - [2024-10-11T06:29:24.796+0000] {dag.py:4180} INFO - Setting next_dagrun for initialize_db_dag1 to None, run_after=None
[2024-10-11T06:29:24.815+0000] {processor.py:208} INFO - Processing /opt/airflow/dags/database_dag.py took 0.085 seconds
[2024-10-11T06:29:55.751+0000] {processor.py:186} INFO - Started process (PID=290) to work on /opt/airflow/dags/database_dag.py
[2024-10-11T06:29:55.753+0000] {processor.py:914} INFO - Processing file /opt/airflow/dags/database_dag.py for tasks to queue
[2024-10-11T06:29:55.756+0000] {logging_mixin.py:190} INFO - [2024-10-11T06:29:55.756+0000] {dagbag.py:588} INFO - Filling up the DagBag from /opt/airflow/dags/database_dag.py
[2024-10-11T06:29:55.764+0000] {logging_mixin.py:190} INFO - [2024-10-11T06:29:55.764+0000] {db.py:331} INFO - Timezone check is disabled.
[2024-10-11T06:29:55.771+0000] {processor.py:925} INFO - DAG(s) 'initialize_db_dag1' retrieved from /opt/airflow/dags/database_dag.py
[2024-10-11T06:29:55.794+0000] {logging_mixin.py:190} INFO - [2024-10-11T06:29:55.794+0000] {dag.py:3239} INFO - Sync 1 DAGs
[2024-10-11T06:29:55.813+0000] {logging_mixin.py:190} INFO - [2024-10-11T06:29:55.812+0000] {dag.py:4180} INFO - Setting next_dagrun for initialize_db_dag1 to None, run_after=None
[2024-10-11T06:29:55.831+0000] {processor.py:208} INFO - Processing /opt/airflow/dags/database_dag.py took 0.087 seconds
[2024-10-11T06:30:26.756+0000] {processor.py:186} INFO - Started process (PID=342) to work on /opt/airflow/dags/database_dag.py
[2024-10-11T06:30:26.758+0000] {processor.py:914} INFO - Processing file /opt/airflow/dags/database_dag.py for tasks to queue
[2024-10-11T06:30:26.761+0000] {logging_mixin.py:190} INFO - [2024-10-11T06:30:26.760+0000] {dagbag.py:588} INFO - Filling up the DagBag from /opt/airflow/dags/database_dag.py
[2024-10-11T06:30:26.769+0000] {logging_mixin.py:190} INFO - [2024-10-11T06:30:26.769+0000] {db.py:331} INFO - Timezone check is disabled.
[2024-10-11T06:30:26.776+0000] {processor.py:925} INFO - DAG(s) 'initialize_db_dag1' retrieved from /opt/airflow/dags/database_dag.py
[2024-10-11T06:30:26.797+0000] {logging_mixin.py:190} INFO - [2024-10-11T06:30:26.797+0000] {dag.py:3239} INFO - Sync 1 DAGs
[2024-10-11T06:30:26.814+0000] {logging_mixin.py:190} INFO - [2024-10-11T06:30:26.814+0000] {dag.py:4180} INFO - Setting next_dagrun for initialize_db_dag1 to None, run_after=None
[2024-10-11T06:30:26.833+0000] {processor.py:208} INFO - Processing /opt/airflow/dags/database_dag.py took 0.083 seconds
[2024-10-11T06:30:57.789+0000] {processor.py:186} INFO - Started process (PID=397) to work on /opt/airflow/dags/database_dag.py
[2024-10-11T06:30:57.791+0000] {processor.py:914} INFO - Processing file /opt/airflow/dags/database_dag.py for tasks to queue
[2024-10-11T06:30:57.793+0000] {logging_mixin.py:190} INFO - [2024-10-11T06:30:57.793+0000] {dagbag.py:588} INFO - Filling up the DagBag from /opt/airflow/dags/database_dag.py
[2024-10-11T06:30:57.801+0000] {logging_mixin.py:190} INFO - [2024-10-11T06:30:57.801+0000] {db.py:331} INFO - Timezone check is disabled.
[2024-10-11T06:30:57.808+0000] {processor.py:925} INFO - DAG(s) 'initialize_db_dag1' retrieved from /opt/airflow/dags/database_dag.py
[2024-10-11T06:30:57.830+0000] {logging_mixin.py:190} INFO - [2024-10-11T06:30:57.830+0000] {dag.py:3239} INFO - Sync 1 DAGs
[2024-10-11T06:30:57.847+0000] {logging_mixin.py:190} INFO - [2024-10-11T06:30:57.847+0000] {dag.py:4180} INFO - Setting next_dagrun for initialize_db_dag1 to None, run_after=None
[2024-10-11T06:30:57.866+0000] {processor.py:208} INFO - Processing /opt/airflow/dags/database_dag.py took 0.083 seconds
[2024-10-11T06:31:28.702+0000] {processor.py:186} INFO - Started process (PID=448) to work on /opt/airflow/dags/database_dag.py
[2024-10-11T06:31:28.703+0000] {processor.py:914} INFO - Processing file /opt/airflow/dags/database_dag.py for tasks to queue
[2024-10-11T06:31:28.706+0000] {logging_mixin.py:190} INFO - [2024-10-11T06:31:28.706+0000] {dagbag.py:588} INFO - Filling up the DagBag from /opt/airflow/dags/database_dag.py
[2024-10-11T06:31:28.714+0000] {logging_mixin.py:190} INFO - [2024-10-11T06:31:28.714+0000] {db.py:331} INFO - Timezone check is disabled.
[2024-10-11T06:31:28.721+0000] {processor.py:925} INFO - DAG(s) 'initialize_db_dag1' retrieved from /opt/airflow/dags/database_dag.py
[2024-10-11T06:31:28.744+0000] {logging_mixin.py:190} INFO - [2024-10-11T06:31:28.744+0000] {dag.py:3239} INFO - Sync 1 DAGs
[2024-10-11T06:31:28.761+0000] {logging_mixin.py:190} INFO - [2024-10-11T06:31:28.761+0000] {dag.py:4180} INFO - Setting next_dagrun for initialize_db_dag1 to None, run_after=None
[2024-10-11T06:31:28.779+0000] {processor.py:208} INFO - Processing /opt/airflow/dags/database_dag.py took 0.084 seconds
[2024-10-11T06:31:59.606+0000] {processor.py:186} INFO - Started process (PID=501) to work on /opt/airflow/dags/database_dag.py
[2024-10-11T06:31:59.608+0000] {processor.py:914} INFO - Processing file /opt/airflow/dags/database_dag.py for tasks to queue
[2024-10-11T06:31:59.611+0000] {logging_mixin.py:190} INFO - [2024-10-11T06:31:59.610+0000] {dagbag.py:588} INFO - Filling up the DagBag from /opt/airflow/dags/database_dag.py
[2024-10-11T06:31:59.619+0000] {logging_mixin.py:190} INFO - [2024-10-11T06:31:59.619+0000] {db.py:331} INFO - Timezone check is disabled.
[2024-10-11T06:31:59.627+0000] {processor.py:925} INFO - DAG(s) 'initialize_db_dag1' retrieved from /opt/airflow/dags/database_dag.py
[2024-10-11T06:31:59.649+0000] {logging_mixin.py:190} INFO - [2024-10-11T06:31:59.649+0000] {dag.py:3239} INFO - Sync 1 DAGs
[2024-10-11T06:31:59.667+0000] {logging_mixin.py:190} INFO - [2024-10-11T06:31:59.666+0000] {dag.py:4180} INFO - Setting next_dagrun for initialize_db_dag1 to None, run_after=None
[2024-10-11T06:31:59.686+0000] {processor.py:208} INFO - Processing /opt/airflow/dags/database_dag.py took 0.086 seconds
