[2024-10-11T06:29:24.854+0000] {processor.py:186} INFO - Started process (PID=230) to work on /opt/airflow/dags/ingestion_dag.py
[2024-10-11T06:29:24.855+0000] {processor.py:914} INFO - Processing file /opt/airflow/dags/ingestion_dag.py for tasks to queue
[2024-10-11T06:29:24.858+0000] {logging_mixin.py:190} INFO - [2024-10-11T06:29:24.857+0000] {dagbag.py:588} INFO - Filling up the DagBag from /opt/airflow/dags/ingestion_dag.py
[2024-10-11T06:29:24.878+0000] {processor.py:925} INFO - DAG(s) 'faq_ingestion' retrieved from /opt/airflow/dags/ingestion_dag.py
[2024-10-11T06:29:24.901+0000] {logging_mixin.py:190} INFO - [2024-10-11T06:29:24.901+0000] {dag.py:3239} INFO - Sync 1 DAGs
[2024-10-11T06:29:24.918+0000] {logging_mixin.py:190} INFO - [2024-10-11T06:29:24.918+0000] {dag.py:4180} INFO - Setting next_dagrun for faq_ingestion to None, run_after=None
[2024-10-11T06:29:24.938+0000] {processor.py:208} INFO - Processing /opt/airflow/dags/ingestion_dag.py took 0.091 seconds
[2024-10-11T06:29:55.843+0000] {processor.py:186} INFO - Started process (PID=295) to work on /opt/airflow/dags/ingestion_dag.py
[2024-10-11T06:29:55.845+0000] {processor.py:914} INFO - Processing file /opt/airflow/dags/ingestion_dag.py for tasks to queue
[2024-10-11T06:29:55.847+0000] {logging_mixin.py:190} INFO - [2024-10-11T06:29:55.847+0000] {dagbag.py:588} INFO - Filling up the DagBag from /opt/airflow/dags/ingestion_dag.py
[2024-10-11T06:29:55.868+0000] {processor.py:925} INFO - DAG(s) 'faq_ingestion' retrieved from /opt/airflow/dags/ingestion_dag.py
[2024-10-11T06:29:55.892+0000] {logging_mixin.py:190} INFO - [2024-10-11T06:29:55.892+0000] {dag.py:3239} INFO - Sync 1 DAGs
[2024-10-11T06:29:55.909+0000] {logging_mixin.py:190} INFO - [2024-10-11T06:29:55.909+0000] {dag.py:4180} INFO - Setting next_dagrun for faq_ingestion to None, run_after=None
[2024-10-11T06:29:55.927+0000] {processor.py:208} INFO - Processing /opt/airflow/dags/ingestion_dag.py took 0.091 seconds
[2024-10-11T06:30:26.794+0000] {processor.py:186} INFO - Started process (PID=347) to work on /opt/airflow/dags/ingestion_dag.py
[2024-10-11T06:30:26.796+0000] {processor.py:914} INFO - Processing file /opt/airflow/dags/ingestion_dag.py for tasks to queue
[2024-10-11T06:30:26.799+0000] {logging_mixin.py:190} INFO - [2024-10-11T06:30:26.798+0000] {dagbag.py:588} INFO - Filling up the DagBag from /opt/airflow/dags/ingestion_dag.py
[2024-10-11T06:30:26.819+0000] {processor.py:925} INFO - DAG(s) 'faq_ingestion' retrieved from /opt/airflow/dags/ingestion_dag.py
[2024-10-11T06:30:26.844+0000] {logging_mixin.py:190} INFO - [2024-10-11T06:30:26.843+0000] {dag.py:3239} INFO - Sync 1 DAGs
[2024-10-11T06:30:26.860+0000] {logging_mixin.py:190} INFO - [2024-10-11T06:30:26.860+0000] {dag.py:4180} INFO - Setting next_dagrun for faq_ingestion to None, run_after=None
[2024-10-11T06:30:26.879+0000] {processor.py:208} INFO - Processing /opt/airflow/dags/ingestion_dag.py took 0.091 seconds
[2024-10-11T06:30:57.813+0000] {processor.py:186} INFO - Started process (PID=400) to work on /opt/airflow/dags/ingestion_dag.py
[2024-10-11T06:30:57.814+0000] {processor.py:914} INFO - Processing file /opt/airflow/dags/ingestion_dag.py for tasks to queue
[2024-10-11T06:30:57.817+0000] {logging_mixin.py:190} INFO - [2024-10-11T06:30:57.817+0000] {dagbag.py:588} INFO - Filling up the DagBag from /opt/airflow/dags/ingestion_dag.py
[2024-10-11T06:30:57.838+0000] {processor.py:925} INFO - DAG(s) 'faq_ingestion' retrieved from /opt/airflow/dags/ingestion_dag.py
[2024-10-11T06:30:57.862+0000] {logging_mixin.py:190} INFO - [2024-10-11T06:30:57.862+0000] {dag.py:3239} INFO - Sync 1 DAGs
[2024-10-11T06:30:57.879+0000] {logging_mixin.py:190} INFO - [2024-10-11T06:30:57.878+0000] {dag.py:4180} INFO - Setting next_dagrun for faq_ingestion to None, run_after=None
[2024-10-11T06:30:57.898+0000] {processor.py:208} INFO - Processing /opt/airflow/dags/ingestion_dag.py took 0.092 seconds
[2024-10-11T06:31:28.788+0000] {processor.py:186} INFO - Started process (PID=453) to work on /opt/airflow/dags/ingestion_dag.py
[2024-10-11T06:31:28.791+0000] {processor.py:914} INFO - Processing file /opt/airflow/dags/ingestion_dag.py for tasks to queue
[2024-10-11T06:31:28.793+0000] {logging_mixin.py:190} INFO - [2024-10-11T06:31:28.793+0000] {dagbag.py:588} INFO - Filling up the DagBag from /opt/airflow/dags/ingestion_dag.py
[2024-10-11T06:31:28.814+0000] {processor.py:925} INFO - DAG(s) 'faq_ingestion' retrieved from /opt/airflow/dags/ingestion_dag.py
[2024-10-11T06:31:28.838+0000] {logging_mixin.py:190} INFO - [2024-10-11T06:31:28.838+0000] {dag.py:3239} INFO - Sync 1 DAGs
[2024-10-11T06:31:28.856+0000] {logging_mixin.py:190} INFO - [2024-10-11T06:31:28.855+0000] {dag.py:4180} INFO - Setting next_dagrun for faq_ingestion to None, run_after=None
[2024-10-11T06:31:28.875+0000] {processor.py:208} INFO - Processing /opt/airflow/dags/ingestion_dag.py took 0.093 seconds
[2024-10-11T06:31:59.698+0000] {processor.py:186} INFO - Started process (PID=506) to work on /opt/airflow/dags/ingestion_dag.py
[2024-10-11T06:31:59.702+0000] {processor.py:914} INFO - Processing file /opt/airflow/dags/ingestion_dag.py for tasks to queue
[2024-10-11T06:31:59.704+0000] {logging_mixin.py:190} INFO - [2024-10-11T06:31:59.704+0000] {dagbag.py:588} INFO - Filling up the DagBag from /opt/airflow/dags/ingestion_dag.py
[2024-10-11T06:31:59.725+0000] {processor.py:925} INFO - DAG(s) 'faq_ingestion' retrieved from /opt/airflow/dags/ingestion_dag.py
[2024-10-11T06:31:59.749+0000] {logging_mixin.py:190} INFO - [2024-10-11T06:31:59.748+0000] {dag.py:3239} INFO - Sync 1 DAGs
[2024-10-11T06:31:59.766+0000] {logging_mixin.py:190} INFO - [2024-10-11T06:31:59.765+0000] {dag.py:4180} INFO - Setting next_dagrun for faq_ingestion to None, run_after=None
[2024-10-11T06:31:59.785+0000] {processor.py:208} INFO - Processing /opt/airflow/dags/ingestion_dag.py took 0.094 seconds
