[2024-10-11T06:29:23.386+0000] {processor.py:186} INFO - Started process (PID=178) to work on /opt/airflow/dags/processing_dag.py
[2024-10-11T06:29:23.386+0000] {processor.py:914} INFO - Processing file /opt/airflow/dags/processing_dag.py for tasks to queue
[2024-10-11T06:29:23.389+0000] {logging_mixin.py:190} INFO - [2024-10-11T06:29:23.389+0000] {dagbag.py:588} INFO - Filling up the DagBag from /opt/airflow/dags/processing_dag.py
[2024-10-11T06:29:23.411+0000] {processor.py:925} INFO - DAG(s) 'faq_processing' retrieved from /opt/airflow/dags/processing_dag.py
[2024-10-11T06:29:23.451+0000] {logging_mixin.py:190} INFO - [2024-10-11T06:29:23.450+0000] {dag.py:3239} INFO - Sync 1 DAGs
[2024-10-11T06:29:23.508+0000] {logging_mixin.py:190} INFO - [2024-10-11T06:29:23.508+0000] {dag.py:4180} INFO - Setting next_dagrun for faq_processing to 2024-10-02 00:00:00+00:00, run_after=2024-10-03 00:00:00+00:00
[2024-10-11T06:29:23.556+0000] {processor.py:208} INFO - Processing /opt/airflow/dags/processing_dag.py took 0.177 seconds
[2024-10-11T06:29:54.122+0000] {processor.py:186} INFO - Started process (PID=260) to work on /opt/airflow/dags/processing_dag.py
[2024-10-11T06:29:54.124+0000] {processor.py:914} INFO - Processing file /opt/airflow/dags/processing_dag.py for tasks to queue
[2024-10-11T06:29:54.126+0000] {logging_mixin.py:190} INFO - [2024-10-11T06:29:54.126+0000] {dagbag.py:588} INFO - Filling up the DagBag from /opt/airflow/dags/processing_dag.py
[2024-10-11T06:29:54.148+0000] {processor.py:925} INFO - DAG(s) 'faq_processing' retrieved from /opt/airflow/dags/processing_dag.py
[2024-10-11T06:29:54.174+0000] {logging_mixin.py:190} INFO - [2024-10-11T06:29:54.174+0000] {dag.py:3239} INFO - Sync 1 DAGs
[2024-10-11T06:29:54.203+0000] {logging_mixin.py:190} INFO - [2024-10-11T06:29:54.203+0000] {dag.py:4180} INFO - Setting next_dagrun for faq_processing to 2024-10-02 00:00:00+00:00, run_after=2024-10-03 00:00:00+00:00
[2024-10-11T06:29:54.222+0000] {processor.py:208} INFO - Processing /opt/airflow/dags/processing_dag.py took 0.106 seconds
[2024-10-11T06:30:25.081+0000] {processor.py:186} INFO - Started process (PID=312) to work on /opt/airflow/dags/processing_dag.py
[2024-10-11T06:30:25.082+0000] {processor.py:914} INFO - Processing file /opt/airflow/dags/processing_dag.py for tasks to queue
[2024-10-11T06:30:25.085+0000] {logging_mixin.py:190} INFO - [2024-10-11T06:30:25.085+0000] {dagbag.py:588} INFO - Filling up the DagBag from /opt/airflow/dags/processing_dag.py
[2024-10-11T06:30:25.108+0000] {processor.py:925} INFO - DAG(s) 'faq_processing' retrieved from /opt/airflow/dags/processing_dag.py
[2024-10-11T06:30:25.134+0000] {logging_mixin.py:190} INFO - [2024-10-11T06:30:25.134+0000] {dag.py:3239} INFO - Sync 1 DAGs
[2024-10-11T06:30:25.161+0000] {logging_mixin.py:190} INFO - [2024-10-11T06:30:25.161+0000] {dag.py:4180} INFO - Setting next_dagrun for faq_processing to 2024-10-02 00:00:00+00:00, run_after=2024-10-03 00:00:00+00:00
[2024-10-11T06:30:25.181+0000] {processor.py:208} INFO - Processing /opt/airflow/dags/processing_dag.py took 0.107 seconds
[2024-10-11T06:30:56.069+0000] {processor.py:186} INFO - Started process (PID=365) to work on /opt/airflow/dags/processing_dag.py
[2024-10-11T06:30:56.070+0000] {processor.py:914} INFO - Processing file /opt/airflow/dags/processing_dag.py for tasks to queue
[2024-10-11T06:30:56.073+0000] {logging_mixin.py:190} INFO - [2024-10-11T06:30:56.073+0000] {dagbag.py:588} INFO - Filling up the DagBag from /opt/airflow/dags/processing_dag.py
[2024-10-11T06:30:56.096+0000] {processor.py:925} INFO - DAG(s) 'faq_processing' retrieved from /opt/airflow/dags/processing_dag.py
[2024-10-11T06:30:56.121+0000] {logging_mixin.py:190} INFO - [2024-10-11T06:30:56.121+0000] {dag.py:3239} INFO - Sync 1 DAGs
[2024-10-11T06:30:56.148+0000] {logging_mixin.py:190} INFO - [2024-10-11T06:30:56.148+0000] {dag.py:4180} INFO - Setting next_dagrun for faq_processing to 2024-10-02 00:00:00+00:00, run_after=2024-10-03 00:00:00+00:00
[2024-10-11T06:30:56.169+0000] {processor.py:208} INFO - Processing /opt/airflow/dags/processing_dag.py took 0.107 seconds
[2024-10-11T06:31:27.093+0000] {processor.py:186} INFO - Started process (PID=418) to work on /opt/airflow/dags/processing_dag.py
[2024-10-11T06:31:27.096+0000] {processor.py:914} INFO - Processing file /opt/airflow/dags/processing_dag.py for tasks to queue
[2024-10-11T06:31:27.099+0000] {logging_mixin.py:190} INFO - [2024-10-11T06:31:27.098+0000] {dagbag.py:588} INFO - Filling up the DagBag from /opt/airflow/dags/processing_dag.py
[2024-10-11T06:31:27.121+0000] {processor.py:925} INFO - DAG(s) 'faq_processing' retrieved from /opt/airflow/dags/processing_dag.py
[2024-10-11T06:31:27.146+0000] {logging_mixin.py:190} INFO - [2024-10-11T06:31:27.146+0000] {dag.py:3239} INFO - Sync 1 DAGs
[2024-10-11T06:31:27.173+0000] {logging_mixin.py:190} INFO - [2024-10-11T06:31:27.173+0000] {dag.py:4180} INFO - Setting next_dagrun for faq_processing to 2024-10-02 00:00:00+00:00, run_after=2024-10-03 00:00:00+00:00
[2024-10-11T06:31:27.192+0000] {processor.py:208} INFO - Processing /opt/airflow/dags/processing_dag.py took 0.105 seconds
[2024-10-11T06:31:58.031+0000] {processor.py:186} INFO - Started process (PID=471) to work on /opt/airflow/dags/processing_dag.py
[2024-10-11T06:31:58.033+0000] {processor.py:914} INFO - Processing file /opt/airflow/dags/processing_dag.py for tasks to queue
[2024-10-11T06:31:58.036+0000] {logging_mixin.py:190} INFO - [2024-10-11T06:31:58.035+0000] {dagbag.py:588} INFO - Filling up the DagBag from /opt/airflow/dags/processing_dag.py
[2024-10-11T06:31:58.058+0000] {processor.py:925} INFO - DAG(s) 'faq_processing' retrieved from /opt/airflow/dags/processing_dag.py
[2024-10-11T06:31:58.083+0000] {logging_mixin.py:190} INFO - [2024-10-11T06:31:58.083+0000] {dag.py:3239} INFO - Sync 1 DAGs
[2024-10-11T06:31:58.110+0000] {logging_mixin.py:190} INFO - [2024-10-11T06:31:58.109+0000] {dag.py:4180} INFO - Setting next_dagrun for faq_processing to 2024-10-02 00:00:00+00:00, run_after=2024-10-03 00:00:00+00:00
[2024-10-11T06:31:58.128+0000] {processor.py:208} INFO - Processing /opt/airflow/dags/processing_dag.py took 0.103 seconds
