[2024-10-11T06:29:23.429+0000] {processor.py:186} INFO - Started process (PID=181) to work on /opt/airflow/dags/scraping_dag.py
[2024-10-11T06:29:23.430+0000] {processor.py:914} INFO - Processing file /opt/airflow/dags/scraping_dag.py for tasks to queue
[2024-10-11T06:29:23.434+0000] {logging_mixin.py:190} INFO - [2024-10-11T06:29:23.434+0000] {dagbag.py:588} INFO - Filling up the DagBag from /opt/airflow/dags/scraping_dag.py
[2024-10-11T06:29:23.453+0000] {processor.py:925} INFO - DAG(s) 'faq_scraping' retrieved from /opt/airflow/dags/scraping_dag.py
[2024-10-11T06:29:23.482+0000] {logging_mixin.py:190} INFO - [2024-10-11T06:29:23.481+0000] {dag.py:3239} INFO - Sync 1 DAGs
[2024-10-11T06:29:23.518+0000] {logging_mixin.py:190} INFO - [2024-10-11T06:29:23.517+0000] {dag.py:4180} INFO - Setting next_dagrun for faq_scraping to 2024-10-02 00:00:00+00:00, run_after=2024-10-03 00:00:00+00:00
[2024-10-11T06:29:23.560+0000] {processor.py:208} INFO - Processing /opt/airflow/dags/scraping_dag.py took 0.141 seconds
[2024-10-11T06:29:54.131+0000] {processor.py:186} INFO - Started process (PID=263) to work on /opt/airflow/dags/scraping_dag.py
[2024-10-11T06:29:54.132+0000] {processor.py:914} INFO - Processing file /opt/airflow/dags/scraping_dag.py for tasks to queue
[2024-10-11T06:29:54.135+0000] {logging_mixin.py:190} INFO - [2024-10-11T06:29:54.134+0000] {dagbag.py:588} INFO - Filling up the DagBag from /opt/airflow/dags/scraping_dag.py
[2024-10-11T06:29:54.152+0000] {processor.py:925} INFO - DAG(s) 'faq_scraping' retrieved from /opt/airflow/dags/scraping_dag.py
[2024-10-11T06:29:54.175+0000] {logging_mixin.py:190} INFO - [2024-10-11T06:29:54.175+0000] {dag.py:3239} INFO - Sync 1 DAGs
[2024-10-11T06:29:54.203+0000] {logging_mixin.py:190} INFO - [2024-10-11T06:29:54.202+0000] {dag.py:4180} INFO - Setting next_dagrun for faq_scraping to 2024-10-02 00:00:00+00:00, run_after=2024-10-03 00:00:00+00:00
[2024-10-11T06:29:54.223+0000] {processor.py:208} INFO - Processing /opt/airflow/dags/scraping_dag.py took 0.099 seconds
[2024-10-11T06:30:25.089+0000] {processor.py:186} INFO - Started process (PID=315) to work on /opt/airflow/dags/scraping_dag.py
[2024-10-11T06:30:25.090+0000] {processor.py:914} INFO - Processing file /opt/airflow/dags/scraping_dag.py for tasks to queue
[2024-10-11T06:30:25.093+0000] {logging_mixin.py:190} INFO - [2024-10-11T06:30:25.092+0000] {dagbag.py:588} INFO - Filling up the DagBag from /opt/airflow/dags/scraping_dag.py
[2024-10-11T06:30:25.111+0000] {processor.py:925} INFO - DAG(s) 'faq_scraping' retrieved from /opt/airflow/dags/scraping_dag.py
[2024-10-11T06:30:25.134+0000] {logging_mixin.py:190} INFO - [2024-10-11T06:30:25.134+0000] {dag.py:3239} INFO - Sync 1 DAGs
[2024-10-11T06:30:25.161+0000] {logging_mixin.py:190} INFO - [2024-10-11T06:30:25.161+0000] {dag.py:4180} INFO - Setting next_dagrun for faq_scraping to 2024-10-02 00:00:00+00:00, run_after=2024-10-03 00:00:00+00:00
[2024-10-11T06:30:25.180+0000] {processor.py:208} INFO - Processing /opt/airflow/dags/scraping_dag.py took 0.098 seconds
[2024-10-11T06:30:56.077+0000] {processor.py:186} INFO - Started process (PID=368) to work on /opt/airflow/dags/scraping_dag.py
[2024-10-11T06:30:56.078+0000] {processor.py:914} INFO - Processing file /opt/airflow/dags/scraping_dag.py for tasks to queue
[2024-10-11T06:30:56.081+0000] {logging_mixin.py:190} INFO - [2024-10-11T06:30:56.080+0000] {dagbag.py:588} INFO - Filling up the DagBag from /opt/airflow/dags/scraping_dag.py
[2024-10-11T06:30:56.099+0000] {processor.py:925} INFO - DAG(s) 'faq_scraping' retrieved from /opt/airflow/dags/scraping_dag.py
[2024-10-11T06:30:56.121+0000] {logging_mixin.py:190} INFO - [2024-10-11T06:30:56.121+0000] {dag.py:3239} INFO - Sync 1 DAGs
[2024-10-11T06:30:56.148+0000] {logging_mixin.py:190} INFO - [2024-10-11T06:30:56.148+0000] {dag.py:4180} INFO - Setting next_dagrun for faq_scraping to 2024-10-02 00:00:00+00:00, run_after=2024-10-03 00:00:00+00:00
[2024-10-11T06:30:56.169+0000] {processor.py:208} INFO - Processing /opt/airflow/dags/scraping_dag.py took 0.098 seconds
[2024-10-11T06:31:27.101+0000] {processor.py:186} INFO - Started process (PID=421) to work on /opt/airflow/dags/scraping_dag.py
[2024-10-11T06:31:27.103+0000] {processor.py:914} INFO - Processing file /opt/airflow/dags/scraping_dag.py for tasks to queue
[2024-10-11T06:31:27.105+0000] {logging_mixin.py:190} INFO - [2024-10-11T06:31:27.105+0000] {dagbag.py:588} INFO - Filling up the DagBag from /opt/airflow/dags/scraping_dag.py
[2024-10-11T06:31:27.123+0000] {processor.py:925} INFO - DAG(s) 'faq_scraping' retrieved from /opt/airflow/dags/scraping_dag.py
[2024-10-11T06:31:27.146+0000] {logging_mixin.py:190} INFO - [2024-10-11T06:31:27.146+0000] {dag.py:3239} INFO - Sync 1 DAGs
[2024-10-11T06:31:27.174+0000] {logging_mixin.py:190} INFO - [2024-10-11T06:31:27.174+0000] {dag.py:4180} INFO - Setting next_dagrun for faq_scraping to 2024-10-02 00:00:00+00:00, run_after=2024-10-03 00:00:00+00:00
[2024-10-11T06:31:27.193+0000] {processor.py:208} INFO - Processing /opt/airflow/dags/scraping_dag.py took 0.098 seconds
[2024-10-11T06:31:58.041+0000] {processor.py:186} INFO - Started process (PID=474) to work on /opt/airflow/dags/scraping_dag.py
[2024-10-11T06:31:58.042+0000] {processor.py:914} INFO - Processing file /opt/airflow/dags/scraping_dag.py for tasks to queue
[2024-10-11T06:31:58.045+0000] {logging_mixin.py:190} INFO - [2024-10-11T06:31:58.045+0000] {dagbag.py:588} INFO - Filling up the DagBag from /opt/airflow/dags/scraping_dag.py
[2024-10-11T06:31:58.062+0000] {processor.py:925} INFO - DAG(s) 'faq_scraping' retrieved from /opt/airflow/dags/scraping_dag.py
[2024-10-11T06:31:58.085+0000] {logging_mixin.py:190} INFO - [2024-10-11T06:31:58.084+0000] {dag.py:3239} INFO - Sync 1 DAGs
[2024-10-11T06:31:58.110+0000] {logging_mixin.py:190} INFO - [2024-10-11T06:31:58.110+0000] {dag.py:4180} INFO - Setting next_dagrun for faq_scraping to 2024-10-02 00:00:00+00:00, run_after=2024-10-03 00:00:00+00:00
[2024-10-11T06:31:58.129+0000] {processor.py:208} INFO - Processing /opt/airflow/dags/scraping_dag.py took 0.094 seconds
